<?xml version="1.0" encoding="UTF-8"?>
<testng-results ignored="0" total="1" passed="1" failed="0" skipped="0">
  <reporter-output>
  </reporter-output>
  <suite started-at="2022-03-14T16:17:39 IST" name="Default suite" finished-at="2022-03-14T16:17:39 IST" duration-ms="49">
    <groups>
    </groups>
    <test started-at="2022-03-14T16:17:39 IST" name="Default test" finished-at="2022-03-14T16:17:39 IST" duration-ms="49">
      <class name="com.crm.CreateOrgTest.ReadDataTest">
        <test-method signature="read()[pri:0, instance:com.crm.CreateOrgTest.ReadDataTest@7671cb68]" started-at="2022-03-14T16:17:39 IST" name="read" finished-at="2022-03-14T16:17:39 IST" duration-ms="10" status="PASS">
          <reporter-output>
          </reporter-output>
        </test-method> <!-- read -->
      </class> <!-- com.crm.CreateOrgTest.ReadDataTest -->
    </test> <!-- Default test -->
  </suite> <!-- Default suite -->
</testng-results>
